<?xml version="1.0" encoding="UTF-8"?>
<testng-results ignored="0" total="1" passed="1" failed="0" skipped="0">
  <reporter-output>
  </reporter-output>
  <suite started-at="2022-10-25T10:27:26 EET" name="Orange_Login" finished-at="2022-10-25T10:27:43 EET" duration-ms="16519">
    <groups>
    </groups>
    <test started-at="2022-10-25T10:27:26 EET" name="Regression" finished-at="2022-10-25T10:27:43 EET" duration-ms="16519">
      <class name="Login_Valid">
        <test-method is-config="true" signature="open_browser(java.lang.String)[pri:0, instance:Login_Valid@2eae8e6e]" started-at="2022-10-25T10:27:26 EET" name="open_browser" finished-at="2022-10-25T10:27:32 EET" duration-ms="5633" status="PASS">
          <params>
            <param index="0">
              <value>
                <![CDATA[Chrome]]>
              </value>
            </param>
          </params>
          <reporter-output>
          </reporter-output>
        </test-method> <!-- open_browser -->
        <test-method signature="valid_Login(java.lang.String,java.lang.String)[pri:0, instance:Login_Valid@2eae8e6e]" started-at="2022-10-25T10:27:32 EET" name="valid_Login" data-provider="ValidData" finished-at="2022-10-25T10:27:42 EET" duration-ms="10134" status="PASS">
          <params>
            <param index="0">
              <value>
                <![CDATA[Admin]]>
              </value>
            </param>
            <param index="1">
              <value>
                <![CDATA[admin123]]>
              </value>
            </param>
          </params>
          <reporter-output>
          </reporter-output>
        </test-method> <!-- valid_Login -->
        <test-method is-config="true" signature="aftertest()[pri:0, instance:Login_Valid@2eae8e6e]" started-at="2022-10-25T10:27:42 EET" name="aftertest" finished-at="2022-10-25T10:27:43 EET" duration-ms="309" status="PASS">
          <reporter-output>
          </reporter-output>
        </test-method> <!-- aftertest -->
      </class> <!-- Login_Valid -->
    </test> <!-- Regression -->
  </suite> <!-- Orange_Login -->
</testng-results>
